0 info it worked if it ends with ok
1 verbose cli [ '/var/lib/openshift/ce6a7590bc8c47b09b4deed9278c09d2/app-root/data//bin/node-openshift-v8',
1 verbose cli   '/var/lib/stickshift/ce6a7590bc8c47b09b4deed9278c09d2/app-root/data/lib/node_modules/npm/bin/npm-cli.js',
1 verbose cli   'install',
1 verbose cli   'chikalklkdsdsyaofkasjdfe3' ]
2 info using npm@1.1.62
3 info using node@v0.8.9
4 verbose node symlink /var/lib/openshift/ce6a7590bc8c47b09b4deed9278c09d2/app-root/data//bin/node-openshift-v8
5 verbose read json /var/lib/stickshift/ce6a7590bc8c47b09b4deed9278c09d2/app-root/data/397828/package.json
6 verbose read json /var/lib/stickshift/ce6a7590bc8c47b09b4deed9278c09d2/app-root/data/397828/package.json
7 verbose cache add [ 'chikalklkdsdsyaofkasjdfe3', null ]
8 silly cache add name=undefined spec="chikalklkdsdsyaofkasjdfe3" args=["chikalklkdsdsyaofkasjdfe3",null]
9 verbose parsed url { pathname: 'chikalklkdsdsyaofkasjdfe3',
9 verbose parsed url   path: 'chikalklkdsdsyaofkasjdfe3',
9 verbose parsed url   href: 'chikalklkdsdsyaofkasjdfe3' }
10 silly lockFile 29a8178d-chikalklkdsdsyaofkasjdfe3 chikalklkdsdsyaofkasjdfe3
11 verbose lock chikalklkdsdsyaofkasjdfe3 /var/lib/openshift/ce6a7590bc8c47b09b4deed9278c09d2/app-root/data/.npm/29a8178d-chikalklkdsdsyaofkasjdfe3.lock
12 silly lockFile 29a8178d-chikalklkdsdsyaofkasjdfe3 chikalklkdsdsyaofkasjdfe3
13 verbose addNamed [ 'chikalklkdsdsyaofkasjdfe3', '' ]
14 verbose addNamed [ null, '' ]
15 silly lockFile 9930faf9-chikalklkdsdsyaofkasjdfe3 chikalklkdsdsyaofkasjdfe3@
16 verbose lock chikalklkdsdsyaofkasjdfe3@ /var/lib/openshift/ce6a7590bc8c47b09b4deed9278c09d2/app-root/data/.npm/9930faf9-chikalklkdsdsyaofkasjdfe3.lock
17 silly addNameRange { name: 'chikalklkdsdsyaofkasjdfe3', range: '', hasData: false }
18 verbose url raw chikalklkdsdsyaofkasjdfe3
19 verbose url resolving [ 'https://registry.npmjs.org/', './chikalklkdsdsyaofkasjdfe3' ]
20 verbose url resolved https://registry.npmjs.org/chikalklkdsdsyaofkasjdfe3
21 info trying registry request attempt 1 at 23:59:43
22 http GET https://registry.npmjs.org/chikalklkdsdsyaofkasjdfe3
23 http 404 https://registry.npmjs.org/chikalklkdsdsyaofkasjdfe3
24 silly registry.get cb [ 404,
24 silly registry.get   { server: 'CouchDB/1.2.1 (Erlang OTP/R15B)',
24 silly registry.get     date: 'Wed, 06 Feb 2013 04:57:55 GMT',
24 silly registry.get     'content-type': 'application/json',
24 silly registry.get     'content-length': '52',
24 silly registry.get     'cache-control': 'must-revalidate' } ]
25 silly lockFile 9930faf9-chikalklkdsdsyaofkasjdfe3 chikalklkdsdsyaofkasjdfe3@
26 error 404 'chikalklkdsdsyaofkasjdfe3' is not in the npm registry.
26 error 404 You should bug the author to publish it
26 error 404
26 error 404 Note that you can also install from a
26 error 404 tarball, folder, or http url, or git url.
27 error System Linux 2.6.32-279.19.1.el6.x86_64
28 error command "/var/lib/openshift/ce6a7590bc8c47b09b4deed9278c09d2/app-root/data//bin/node-openshift-v8" "/var/lib/stickshift/ce6a7590bc8c47b09b4deed9278c09d2/app-root/data/lib/node_modules/npm/bin/npm-cli.js" "install" "chikalklkdsdsyaofkasjdfe3"
29 error cwd /var/lib/stickshift/ce6a7590bc8c47b09b4deed9278c09d2/app-root/data/397828
30 error node -v v0.8.9
31 error npm -v 1.1.62
32 error code E404
33 verbose exit [ 1, true ]
